---------------------------------------------------------------------------------------------------------------------------------------------------------------------------
  Bin Id            Marker lineage            # genomes   # markers   # marker sets    0     1    2    3    4    5+   Completeness   Contamination   Strain heterogeneity  
---------------------------------------------------------------------------------------------------------------------------------------------------------------------------
  bin_5          k__Bacteria (UID203)            5449        104            58         0     4    17   17   29   37      100.00          299.44              4.49          
  bin_3           k__Archaea (UID2)              207         145           103         18   102   25   0    0    0       87.71           17.05              12.00          
  bin_12       p__Euryarchaeota (UID3)           148         188           125         27   160   1    0    0    0       80.80            0.80              100.00         
  bin_2          k__Bacteria (UID203)            5449        103            57         19    63   17   4    0    0       75.84            8.31               0.00          
  bin_8           k__Archaea (UID2)              207         145           103         39    96   9    1    0    0       73.18            9.22               0.00          
  bin_10        k__Bacteria (UID1453)            901         171           117         45   105   19   2    0    0       67.86           13.86               4.00          
  bin_15          k__Archaea (UID2)              207         145           103         47    94   4    0    0    0       65.78            2.10               0.00          
  bin_11     o__Actinomycetales (UID1663)        488         310           185        115   165   26   4    0    0       56.18            8.30               2.63          
  bin_4          k__Bacteria (UID203)            5449        104            58         65    32   6    1    0    0       52.77           13.79              11.11          
  bin_17     o__Actinomycetales (UID1663)        488         310           185        150   146   14   0    0    0       47.30            5.03              28.57          
  bin_6           k__Archaea (UID2)              207         149           107         90    55   4    0    0    0       46.26            2.49              50.00          
  bin_7           k__Archaea (UID2)              207         145           103         88    56   1    0    0    0       35.92            0.97              100.00         
  bin_18   c__Gammaproteobacteria (UID4202)       67         481           276        330   148   2    1    0    0       34.51            1.13               0.00          
  bin_9         k__Bacteria (UID1453)            901         171           117        119    51   1    0    0    0       25.61            0.09               0.00          
  bin_13          k__Archaea (UID2)              207         145           103        106    37   2    0    0    0       24.81            0.97              100.00         
  bin_14       p__Euryarchaeota (UID3)           148         188           125        131    57   0    0    0    0       21.55            0.00               0.00          
  bin_16         k__Bacteria (UID203)            5449        103            57         90    13   0    0    0    0       19.30            0.00               0.00          
  bin_1         k__Bacteria (UID2495)            2993        147            91        124    21   2    0    0    0        7.45            0.65               0.00          
---------------------------------------------------------------------------------------------------------------------------------------------------------------------------
