---------------------------------------------------------------------------------------------------------------------------------------------------------------------------
  Bin Id            Marker lineage            # genomes   # markers   # marker sets    0     1    2    3    4    5+   Completeness   Contamination   Strain heterogeneity  
---------------------------------------------------------------------------------------------------------------------------------------------------------------------------
  bin_19   c__Gammaproteobacteria (UID4274)      112         577           287         22   547   8    0    0    0       98.85            1.38              12.50          
  bin_5         k__Bacteria (UID2495)            2993        147            91         2    144   1    0    0    0       97.80            0.18               0.00          
  bin_29        k__Bacteria (UID2565)            2921        142            87         3    134   5    0    0    0       97.63            4.02               0.00          
  bin_28          k__Archaea (UID2)              207         145           103         3     74   59   6    2    1       97.09           57.92               9.09          
  bin_7          k__Bacteria (UID203)            5449        104            58         8     76   18   2    0    0       88.79           13.98              50.00          
  bin_18        k__Bacteria (UID3187)            2258        188           117         15   142   29   2    0    0       88.41           17.97               5.71          
  bin_15         k__Bacteria (UID203)            5449        104            58         9     28   35   12   12   8       84.48           79.91               8.33          
  bin_8         k__Bacteria (UID2565)            2921        142            87         22    95   19   4    2    0       83.26           23.19               9.30          
  bin_13   c__Gammaproteobacteria (UID4201)      1164        275           174         72   169   31   3    0    0       76.69           11.94              15.00          
  bin_25        k__Bacteria (UID2495)            2993        147            91         27   100   20   0    0    0       75.62           14.14               5.00          
  bin_31        k__Bacteria (UID2495)            2993        147            91         37    91   16   2    1    0       75.19           14.94               3.57          
  bin_30     o__Actinomycetales (UID1663)        488         310           185         71   216   20   3    0    0       74.83            9.63              10.34          
  bin_4           k__Archaea (UID2)              207         145           103         43    94   8    0    0    0       71.22            6.39              37.50          
  bin_9        p__Euryarchaeota (UID3)           148         188           125         59   127   2    0    0    0       68.40            1.07               0.00          
  bin_6          k__Bacteria (UID203)            5449        104            58         64    38   2    0    0    0       59.48            3.45              50.00          
  bin_22        k__Bacteria (UID1453)            901         171           117         74    78   17   2    0    0       58.06           11.52               4.35          
  bin_23     p__Proteobacteria (UID3214)         2231        190           119         85    76   18   10   1    0       56.69           20.88              11.11          
  bin_17     p__Proteobacteria (UID3882)         1493        261           164        113   127   19   2    0    0       51.43            9.77              36.00          
  bin_10   c__Gammaproteobacteria (UID4201)      1164        275           174        133   133   9    0    0    0       50.92            2.31              11.11          
  bin_1         k__Bacteria (UID3187)            2258        188           117         91    82   13   2    0    0       49.56           11.23               5.26          
  bin_12        k__Bacteria (UID1453)            901         171           117         90    71   6    4    0    0       48.19            9.48               0.00          
  bin_2          k__Bacteria (UID203)            5449        104            58         49    42   11   2    0    0       46.00           12.65              35.29          
  bin_14        k__Bacteria (UID3187)            2258        190           119        106    79   5    0    0    0       40.88            2.76               0.00          
  bin_20     o__Actinomycetales (UID1696)        455         315           190        189   122   4    0    0    0       34.92            0.91              50.00          
  bin_24          k__Archaea (UID2)              207         145           103         96    43   6    0    0    0       33.47            5.18              83.33          
  bin_16          k__Archaea (UID2)              207         145           103        110    33   2    0    0    0       27.67            0.97              50.00          
  bin_27         k__Bacteria (UID203)            5449        104            58         83    21   0    0    0    0       23.28            0.00               0.00          
  bin_3           k__Archaea (UID2)              207         149           107        119    30   0    0    0    0       22.43            0.00               0.00          
  bin_21          k__Archaea (UID2)              207         145           103        125    19   1    0    0    0       16.50            0.97               0.00          
  bin_26         k__Bacteria (UID203)            5449        104            58         94    10   0    0    0    0        9.40            0.00               0.00          
  bin_11          k__Archaea (UID2)              207         145           103        130    15   0    0    0    0        7.32            0.00               0.00          
---------------------------------------------------------------------------------------------------------------------------------------------------------------------------
